{"/Users/mx.cifu/Desktop/AD320 Projects/CP4/vite-project/src/components/Header.jsx": {"path":"/Users/mx.cifu/Desktop/AD320 Projects/CP4/vite-project/src/components/Header.jsx","statementMap":{"0":{"start":{"line":14,"column":15},"end":{"line":24,"column":1}},"1":{"start":{"line":15,"column":4},"end":{"line":23,"column":10}}},"fnMap":{"0":{"name":"(anonymous_0)","decl":{"start":{"line":14,"column":15},"end":{"line":14,"column":16}},"loc":{"start":{"line":15,"column":4},"end":{"line":23,"column":10}},"line":15}},"branchMap":{},"s":{"0":2,"1":3},"f":{"0":3},"b":{},"_coverageSchema":"1a1c01bbd47fc00a2c39e90264f33305004495a9","hash":"0e615d0d083c26f110b2cc2909d0412239e0b7a7"}
,"/Users/mx.cifu/Desktop/AD320 Projects/CP4/vite-project/src/components/LoadPosts.jsx": {"path":"/Users/mx.cifu/Desktop/AD320 Projects/CP4/vite-project/src/components/LoadPosts.jsx","statementMap":{"0":{"start":{"line":17,"column":22},"end":{"line":59,"column":1}},"1":{"start":{"line":19,"column":27},"end":{"line":30,"column":5}},"2":{"start":{"line":20,"column":22},"end":{"line":20,"column":74}},"3":{"start":{"line":21,"column":27},"end":{"line":21,"column":50}},"4":{"start":{"line":24,"column":8},"end":{"line":28,"column":9}},"5":{"start":{"line":25,"column":12},"end":{"line":25,"column":63}},"6":{"start":{"line":27,"column":12},"end":{"line":27,"column":51}},"7":{"start":{"line":32,"column":24},"end":{"line":34,"column":5}},"8":{"start":{"line":33,"column":18},"end":{"line":33,"column":63}},"9":{"start":{"line":36,"column":4},"end":{"line":58,"column":6}},"10":{"start":{"line":42,"column":45},"end":{"line":42,"column":75}},"11":{"start":{"line":44,"column":24},"end":{"line":51,"column":26}},"12":{"start":{"line":65,"column":0},"end":{"line":75,"column":2}}},"fnMap":{"0":{"name":"(anonymous_0)","decl":{"start":{"line":17,"column":22},"end":{"line":17,"column":23}},"loc":{"start":{"line":17,"column":50},"end":{"line":59,"column":1}},"line":17},"1":{"name":"(anonymous_1)","decl":{"start":{"line":19,"column":27},"end":{"line":19,"column":28}},"loc":{"start":{"line":19,"column":42},"end":{"line":30,"column":5}},"line":19},"2":{"name":"(anonymous_2)","decl":{"start":{"line":33,"column":8},"end":{"line":33,"column":9}},"loc":{"start":{"line":33,"column":18},"end":{"line":33,"column":63}},"line":33},"3":{"name":"(anonymous_3)","decl":{"start":{"line":41,"column":37},"end":{"line":41,"column":38}},"loc":{"start":{"line":41,"column":54},"end":{"line":52,"column":21}},"line":41}},"branchMap":{"0":{"loc":{"start":{"line":24,"column":8},"end":{"line":28,"column":9}},"type":"if","locations":[{"start":{"line":24,"column":8},"end":{"line":28,"column":9}},{"start":{"line":26,"column":15},"end":{"line":28,"column":9}}],"line":24},"1":{"loc":{"start":{"line":39,"column":13},"end":{"line":56,"column":13}},"type":"cond-expr","locations":[{"start":{"line":40,"column":16},"end":{"line":53,"column":21}},{"start":{"line":55,"column":16},"end":{"line":55,"column":82}}],"line":39}},"s":{"0":4,"1":4,"2":3,"3":3,"4":3,"5":2,"6":1,"7":4,"8":1,"9":4,"10":3,"11":3,"12":4},"f":{"0":4,"1":3,"2":1,"3":3},"b":{"0":[2,1],"1":[2,2]},"_coverageSchema":"1a1c01bbd47fc00a2c39e90264f33305004495a9","hash":"36c355525bd0ad9bea162c6911d49040d4f0691d"}
,"/Users/mx.cifu/Desktop/AD320 Projects/CP4/vite-project/src/components/Login.jsx": {"path":"/Users/mx.cifu/Desktop/AD320 Projects/CP4/vite-project/src/components/Login.jsx","statementMap":{"0":{"start":{"line":21,"column":14},"end":{"line":195,"column":1}},"1":{"start":{"line":22,"column":17},"end":{"line":22,"column":37}},"2":{"start":{"line":23,"column":15},"end":{"line":23,"column":28}},"3":{"start":{"line":26,"column":28},"end":{"line":26,"column":42}},"4":{"start":{"line":27,"column":30},"end":{"line":27,"column":42}},"5":{"start":{"line":28,"column":46},"end":{"line":28,"column":61}},"6":{"start":{"line":32,"column":4},"end":{"line":51,"column":11}},"7":{"start":{"line":33,"column":26},"end":{"line":33,"column":53}},"8":{"start":{"line":34,"column":34},"end":{"line":34,"column":69}},"9":{"start":{"line":36,"column":8},"end":{"line":41,"column":9}},"10":{"start":{"line":37,"column":12},"end":{"line":40,"column":15}},"11":{"start":{"line":44,"column":28},"end":{"line":48,"column":10}},"12":{"start":{"line":45,"column":12},"end":{"line":47,"column":13}},"13":{"start":{"line":46,"column":16},"end":{"line":46,"column":41}},"14":{"start":{"line":50,"column":8},"end":{"line":50,"column":35}},"15":{"start":{"line":50,"column":21},"end":{"line":50,"column":34}},"16":{"start":{"line":100,"column":24},"end":{"line":111,"column":5}},"17":{"start":{"line":101,"column":8},"end":{"line":101,"column":27}},"18":{"start":{"line":102,"column":22},"end":{"line":102,"column":42}},"19":{"start":{"line":103,"column":25},"end":{"line":103,"column":48}},"20":{"start":{"line":105,"column":8},"end":{"line":110,"column":9}},"21":{"start":{"line":106,"column":30},"end":{"line":106,"column":85}},"22":{"start":{"line":107,"column":12},"end":{"line":107,"column":40}},"23":{"start":{"line":109,"column":12},"end":{"line":109,"column":36}},"24":{"start":{"line":137,"column":4},"end":{"line":147,"column":5}},"25":{"start":{"line":138,"column":8},"end":{"line":146,"column":10}},"26":{"start":{"line":152,"column":4},"end":{"line":194,"column":6}},"27":{"start":{"line":169,"column":73},"end":{"line":169,"column":96}},"28":{"start":{"line":185,"column":73},"end":{"line":185,"column":95}}},"fnMap":{"0":{"name":"(anonymous_0)","decl":{"start":{"line":21,"column":14},"end":{"line":21,"column":15}},"loc":{"start":{"line":21,"column":20},"end":{"line":195,"column":1}},"line":21},"1":{"name":"(anonymous_1)","decl":{"start":{"line":32,"column":14},"end":{"line":32,"column":15}},"loc":{"start":{"line":32,"column":20},"end":{"line":51,"column":5}},"line":32},"2":{"name":"(anonymous_2)","decl":{"start":{"line":44,"column":53},"end":{"line":44,"column":54}},"loc":{"start":{"line":44,"column":70},"end":{"line":48,"column":9}},"line":44},"3":{"name":"(anonymous_3)","decl":{"start":{"line":50,"column":15},"end":{"line":50,"column":16}},"loc":{"start":{"line":50,"column":21},"end":{"line":50,"column":34}},"line":50},"4":{"name":"(anonymous_4)","decl":{"start":{"line":100,"column":24},"end":{"line":100,"column":25}},"loc":{"start":{"line":100,"column":37},"end":{"line":111,"column":5}},"line":100},"5":{"name":"(anonymous_5)","decl":{"start":{"line":169,"column":67},"end":{"line":169,"column":68}},"loc":{"start":{"line":169,"column":73},"end":{"line":169,"column":96}},"line":169},"6":{"name":"(anonymous_6)","decl":{"start":{"line":185,"column":67},"end":{"line":185,"column":68}},"loc":{"start":{"line":185,"column":73},"end":{"line":185,"column":95}},"line":185}},"branchMap":{"0":{"loc":{"start":{"line":36,"column":8},"end":{"line":41,"column":9}},"type":"if","locations":[{"start":{"line":36,"column":8},"end":{"line":41,"column":9}},{"start":{},"end":{}}],"line":36},"1":{"loc":{"start":{"line":36,"column":12},"end":{"line":36,"column":42}},"type":"binary-expr","locations":[{"start":{"line":36,"column":12},"end":{"line":36,"column":21}},{"start":{"line":36,"column":25},"end":{"line":36,"column":42}}],"line":36},"2":{"loc":{"start":{"line":45,"column":12},"end":{"line":47,"column":13}},"type":"if","locations":[{"start":{"line":45,"column":12},"end":{"line":47,"column":13}},{"start":{},"end":{}}],"line":45},"3":{"loc":{"start":{"line":137,"column":4},"end":{"line":147,"column":5}},"type":"if","locations":[{"start":{"line":137,"column":4},"end":{"line":147,"column":5}},{"start":{},"end":{}}],"line":137},"4":{"loc":{"start":{"line":156,"column":29},"end":{"line":156,"column":65}},"type":"cond-expr","locations":[{"start":{"line":156,"column":45},"end":{"line":156,"column":55}},{"start":{"line":156,"column":58},"end":{"line":156,"column":65}}],"line":156},"5":{"loc":{"start":{"line":157,"column":25},"end":{"line":157,"column":48}},"type":"binary-expr","locations":[{"start":{"line":157,"column":25},"end":{"line":157,"column":30}},{"start":{"line":157,"column":34},"end":{"line":157,"column":48}}],"line":157},"6":{"loc":{"start":{"line":160,"column":25},"end":{"line":190,"column":25}},"type":"cond-expr","locations":[{"start":{"line":162,"column":28},"end":{"line":173,"column":35}},{"start":{"line":176,"column":28},"end":{"line":189,"column":35}}],"line":160}},"s":{"0":2,"1":5,"2":5,"3":5,"4":5,"5":5,"6":5,"7":4,"8":4,"9":4,"10":0,"11":4,"12":2,"13":0,"14":4,"15":4,"16":5,"17":0,"18":0,"19":0,"20":0,"21":0,"22":0,"23":0,"24":5,"25":0,"26":5,"27":0,"28":1},"f":{"0":5,"1":4,"2":2,"3":4,"4":0,"5":0,"6":1},"b":{"0":[0,4],"1":[4,0],"2":[0,2],"3":[0,5],"4":[1,4],"5":[5,0],"6":[1,4]},"_coverageSchema":"1a1c01bbd47fc00a2c39e90264f33305004495a9","hash":"1fc708e347801d278a983b82042d2f8d41da13f9"}
,"/Users/mx.cifu/Desktop/AD320 Projects/CP4/vite-project/src/components/NewPost.jsx": {"path":"/Users/mx.cifu/Desktop/AD320 Projects/CP4/vite-project/src/components/NewPost.jsx","statementMap":{"0":{"start":{"line":14,"column":16},"end":{"line":63,"column":1}},"1":{"start":{"line":16,"column":30},"end":{"line":16,"column":42}},"2":{"start":{"line":17,"column":28},"end":{"line":17,"column":40}},"3":{"start":{"line":18,"column":32},"end":{"line":18,"column":44}},"4":{"start":{"line":19,"column":25},"end":{"line":19,"column":37}},"5":{"start":{"line":21,"column":25},"end":{"line":34,"column":5}},"6":{"start":{"line":22,"column":8},"end":{"line":22,"column":27}},"7":{"start":{"line":25,"column":26},"end":{"line":25,"column":50}},"8":{"start":{"line":26,"column":21},"end":{"line":26,"column":55}},"9":{"start":{"line":28,"column":8},"end":{"line":28,"column":24}},"10":{"start":{"line":31,"column":8},"end":{"line":31,"column":21}},"11":{"start":{"line":32,"column":8},"end":{"line":32,"column":20}},"12":{"start":{"line":33,"column":8},"end":{"line":33,"column":22}},"13":{"start":{"line":37,"column":4},"end":{"line":62,"column":6}},"14":{"start":{"line":43,"column":33},"end":{"line":43,"column":57}},"15":{"start":{"line":51,"column":33},"end":{"line":51,"column":58}},"16":{"start":{"line":57,"column":33},"end":{"line":57,"column":56}},"17":{"start":{"line":66,"column":0},"end":{"line":68,"column":2}}},"fnMap":{"0":{"name":"(anonymous_0)","decl":{"start":{"line":14,"column":16},"end":{"line":14,"column":17}},"loc":{"start":{"line":14,"column":35},"end":{"line":63,"column":1}},"line":14},"1":{"name":"(anonymous_1)","decl":{"start":{"line":21,"column":25},"end":{"line":21,"column":26}},"loc":{"start":{"line":21,"column":32},"end":{"line":34,"column":5}},"line":21},"2":{"name":"(anonymous_2)","decl":{"start":{"line":43,"column":26},"end":{"line":43,"column":27}},"loc":{"start":{"line":43,"column":33},"end":{"line":43,"column":57}},"line":43},"3":{"name":"(anonymous_3)","decl":{"start":{"line":51,"column":26},"end":{"line":51,"column":27}},"loc":{"start":{"line":51,"column":33},"end":{"line":51,"column":58}},"line":51},"4":{"name":"(anonymous_4)","decl":{"start":{"line":57,"column":26},"end":{"line":57,"column":27}},"loc":{"start":{"line":57,"column":33},"end":{"line":57,"column":56}},"line":57}},"branchMap":{},"s":{"0":3,"1":22,"2":22,"3":22,"4":22,"5":22,"6":3,"7":3,"8":3,"9":3,"10":3,"11":3,"12":3,"13":22,"14":4,"15":4,"16":4,"17":3},"f":{"0":22,"1":3,"2":4,"3":4,"4":4},"b":{},"_coverageSchema":"1a1c01bbd47fc00a2c39e90264f33305004495a9","hash":"7c0213c15acf6df1eb978f7385dc49f0f9102c12"}
,"/Users/mx.cifu/Desktop/AD320 Projects/CP4/vite-project/src/components/Posts.jsx": {"path":"/Users/mx.cifu/Desktop/AD320 Projects/CP4/vite-project/src/components/Posts.jsx","statementMap":{"0":{"start":{"line":17,"column":14},"end":{"line":124,"column":1}},"1":{"start":{"line":21,"column":30},"end":{"line":21,"column":42}},"2":{"start":{"line":22,"column":42},"end":{"line":22,"column":56}},"3":{"start":{"line":23,"column":34},"end":{"line":23,"column":48}},"4":{"start":{"line":25,"column":17},"end":{"line":25,"column":44}},"5":{"start":{"line":26,"column":15},"end":{"line":26,"column":28}},"6":{"start":{"line":27,"column":21},"end":{"line":27,"column":34}},"7":{"start":{"line":31,"column":26},"end":{"line":44,"column":5}},"8":{"start":{"line":32,"column":8},"end":{"line":43,"column":9}},"9":{"start":{"line":33,"column":29},"end":{"line":33,"column":59}},"10":{"start":{"line":34,"column":29},"end":{"line":34,"column":48}},"11":{"start":{"line":42,"column":12},"end":{"line":42,"column":58}},"12":{"start":{"line":48,"column":23},"end":{"line":57,"column":5}},"13":{"start":{"line":49,"column":8},"end":{"line":56,"column":9}},"14":{"start":{"line":50,"column":29},"end":{"line":50,"column":59}},"15":{"start":{"line":51,"column":31},"end":{"line":51,"column":45}},"16":{"start":{"line":52,"column":12},"end":{"line":52,"column":40}},"17":{"start":{"line":53,"column":12},"end":{"line":53,"column":39}},"18":{"start":{"line":55,"column":12},"end":{"line":55,"column":56}},"19":{"start":{"line":60,"column":4},"end":{"line":64,"column":15}},"20":{"start":{"line":61,"column":8},"end":{"line":63,"column":9}},"21":{"start":{"line":62,"column":12},"end":{"line":62,"column":28}},"22":{"start":{"line":68,"column":28},"end":{"line":72,"column":5}},"23":{"start":{"line":70,"column":8},"end":{"line":70,"column":27}},"24":{"start":{"line":71,"column":8},"end":{"line":71,"column":26}},"25":{"start":{"line":75,"column":27},"end":{"line":77,"column":5}},"26":{"start":{"line":76,"column":8},"end":{"line":76,"column":37}},"27":{"start":{"line":80,"column":4},"end":{"line":86,"column":11}},"28":{"start":{"line":82,"column":28},"end":{"line":84,"column":16}},"29":{"start":{"line":83,"column":12},"end":{"line":83,"column":30}},"30":{"start":{"line":85,"column":8},"end":{"line":85,"column":47}},"31":{"start":{"line":85,"column":21},"end":{"line":85,"column":46}},"32":{"start":{"line":89,"column":4},"end":{"line":96,"column":5}},"33":{"start":{"line":90,"column":8},"end":{"line":95,"column":10}},"34":{"start":{"line":98,"column":4},"end":{"line":123,"column":6}}},"fnMap":{"0":{"name":"(anonymous_0)","decl":{"start":{"line":17,"column":14},"end":{"line":17,"column":15}},"loc":{"start":{"line":17,"column":20},"end":{"line":124,"column":1}},"line":17},"1":{"name":"(anonymous_1)","decl":{"start":{"line":31,"column":26},"end":{"line":31,"column":27}},"loc":{"start":{"line":31,"column":38},"end":{"line":44,"column":5}},"line":31},"2":{"name":"(anonymous_2)","decl":{"start":{"line":48,"column":23},"end":{"line":48,"column":24}},"loc":{"start":{"line":48,"column":39},"end":{"line":57,"column":5}},"line":48},"3":{"name":"(anonymous_3)","decl":{"start":{"line":60,"column":14},"end":{"line":60,"column":15}},"loc":{"start":{"line":60,"column":20},"end":{"line":64,"column":5}},"line":60},"4":{"name":"(anonymous_4)","decl":{"start":{"line":68,"column":28},"end":{"line":68,"column":29}},"loc":{"start":{"line":69,"column":4},"end":{"line":72,"column":5}},"line":69},"5":{"name":"(anonymous_5)","decl":{"start":{"line":75,"column":27},"end":{"line":75,"column":28}},"loc":{"start":{"line":75,"column":33},"end":{"line":77,"column":5}},"line":75},"6":{"name":"(anonymous_6)","decl":{"start":{"line":80,"column":14},"end":{"line":80,"column":15}},"loc":{"start":{"line":80,"column":20},"end":{"line":86,"column":5}},"line":80},"7":{"name":"(anonymous_7)","decl":{"start":{"line":82,"column":39},"end":{"line":82,"column":40}},"loc":{"start":{"line":82,"column":45},"end":{"line":84,"column":9}},"line":82},"8":{"name":"(anonymous_8)","decl":{"start":{"line":85,"column":15},"end":{"line":85,"column":16}},"loc":{"start":{"line":85,"column":21},"end":{"line":85,"column":46}},"line":85}},"branchMap":{"0":{"loc":{"start":{"line":61,"column":8},"end":{"line":63,"column":9}},"type":"if","locations":[{"start":{"line":61,"column":8},"end":{"line":63,"column":9}},{"start":{},"end":{}}],"line":61},"1":{"loc":{"start":{"line":89,"column":4},"end":{"line":96,"column":5}},"type":"if","locations":[{"start":{"line":89,"column":4},"end":{"line":96,"column":5}},{"start":{},"end":{}}],"line":89},"2":{"loc":{"start":{"line":102,"column":21},"end":{"line":102,"column":88}},"type":"cond-expr","locations":[{"start":{"line":102,"column":35},"end":{"line":102,"column":60}},{"start":{"line":102,"column":63},"end":{"line":102,"column":88}}],"line":102},"3":{"loc":{"start":{"line":105,"column":13},"end":{"line":110,"column":13}},"type":"binary-expr","locations":[{"start":{"line":105,"column":13},"end":{"line":105,"column":25}},{"start":{"line":107,"column":16},"end":{"line":109,"column":26}}],"line":105},"4":{"loc":{"start":{"line":111,"column":13},"end":{"line":121,"column":13}},"type":"cond-expr","locations":[{"start":{"line":113,"column":16},"end":{"line":115,"column":22}},{"start":{"line":118,"column":16},"end":{"line":120,"column":26}}],"line":111}},"s":{"0":2,"1":5,"2":5,"3":5,"4":5,"5":5,"6":5,"7":5,"8":1,"9":1,"10":1,"11":0,"12":5,"13":1,"14":1,"15":1,"16":1,"17":1,"18":0,"19":5,"20":2,"21":1,"22":5,"23":0,"24":0,"25":5,"26":1,"27":5,"28":2,"29":1,"30":2,"31":2,"32":5,"33":1,"34":4},"f":{"0":5,"1":1,"2":1,"3":2,"4":0,"5":1,"6":2,"7":1,"8":2},"b":{"0":[1,1],"1":[1,4],"2":[1,3],"3":[4,3],"4":[3,1]},"_coverageSchema":"1a1c01bbd47fc00a2c39e90264f33305004495a9","hash":"d4c9b8aba980899aa51a1b2dd28977331237cdde"}
,"/Users/mx.cifu/Desktop/AD320 Projects/CP4/vite-project/src/components/UserBlog.jsx": {"path":"/Users/mx.cifu/Desktop/AD320 Projects/CP4/vite-project/src/components/UserBlog.jsx","statementMap":{"0":{"start":{"line":18,"column":17},"end":{"line":64,"column":1}},"1":{"start":{"line":19,"column":23},"end":{"line":19,"column":34}},"2":{"start":{"line":20,"column":42},"end":{"line":20,"column":54}},"3":{"start":{"line":21,"column":30},"end":{"line":21,"column":42}},"4":{"start":{"line":24,"column":4},"end":{"line":54,"column":17}},"5":{"start":{"line":25,"column":19},"end":{"line":25,"column":32}},"6":{"start":{"line":26,"column":25},"end":{"line":26,"column":57}},"7":{"start":{"line":29,"column":8},"end":{"line":40,"column":82}},"8":{"start":{"line":40,"column":30},"end":{"line":40,"column":80}},"9":{"start":{"line":43,"column":28},"end":{"line":43,"column":66}},"10":{"start":{"line":44,"column":12},"end":{"line":52,"column":85}},"11":{"start":{"line":52,"column":34},"end":{"line":52,"column":83}},"12":{"start":{"line":56,"column":4},"end":{"line":63,"column":6}}},"fnMap":{"0":{"name":"(anonymous_0)","decl":{"start":{"line":18,"column":17},"end":{"line":18,"column":18}},"loc":{"start":{"line":18,"column":23},"end":{"line":64,"column":1}},"line":18},"1":{"name":"(anonymous_1)","decl":{"start":{"line":24,"column":14},"end":{"line":24,"column":15}},"loc":{"start":{"line":24,"column":20},"end":{"line":54,"column":5}},"line":24},"2":{"name":"(anonymous_2)","decl":{"start":{"line":30,"column":18},"end":{"line":30,"column":19}},"loc":{"start":{"line":30,"column":32},"end":{"line":39,"column":13}},"line":30},"3":{"name":"(anonymous_3)","decl":{"start":{"line":40,"column":19},"end":{"line":40,"column":20}},"loc":{"start":{"line":40,"column":30},"end":{"line":40,"column":80}},"line":40},"4":{"name":"(anonymous_4)","decl":{"start":{"line":45,"column":22},"end":{"line":45,"column":23}},"loc":{"start":{"line":45,"column":36},"end":{"line":51,"column":17}},"line":45},"5":{"name":"(anonymous_5)","decl":{"start":{"line":52,"column":23},"end":{"line":52,"column":24}},"loc":{"start":{"line":52,"column":34},"end":{"line":52,"column":83}},"line":52}},"branchMap":{},"s":{"0":1,"1":1,"2":1,"3":1,"4":1,"5":1,"6":1,"7":1,"8":0,"9":1,"10":1,"11":0,"12":1},"f":{"0":1,"1":1,"2":1,"3":0,"4":1,"5":0},"b":{},"_coverageSchema":"1a1c01bbd47fc00a2c39e90264f33305004495a9","hash":"80a799a451c7b8f493e6f9e329cc4a604a2c2bb9"}
,"/Users/mx.cifu/Desktop/AD320 Projects/CP4/vite-project/src/pages/Blog.jsx": {"path":"/Users/mx.cifu/Desktop/AD320 Projects/CP4/vite-project/src/pages/Blog.jsx","statementMap":{"0":{"start":{"line":15,"column":13},"end":{"line":20,"column":1}},"1":{"start":{"line":16,"column":4},"end":{"line":19,"column":7}}},"fnMap":{"0":{"name":"(anonymous_0)","decl":{"start":{"line":15,"column":13},"end":{"line":15,"column":14}},"loc":{"start":{"line":16,"column":4},"end":{"line":19,"column":7}},"line":16}},"branchMap":{},"s":{"0":1,"1":1},"f":{"0":1},"b":{},"_coverageSchema":"1a1c01bbd47fc00a2c39e90264f33305004495a9","hash":"91e5272ce62a6b3723ae9b038dca41ff4e5b1a5a"}
,"/Users/mx.cifu/Desktop/AD320 Projects/CP4/vite-project/src/pages/BlogCatalog.jsx": {"path":"/Users/mx.cifu/Desktop/AD320 Projects/CP4/vite-project/src/pages/BlogCatalog.jsx","statementMap":{"0":{"start":{"line":20,"column":20},"end":{"line":62,"column":1}},"1":{"start":{"line":22,"column":30},"end":{"line":22,"column":42}},"2":{"start":{"line":25,"column":4},"end":{"line":44,"column":11}},"3":{"start":{"line":26,"column":19},"end":{"line":26,"column":32}},"4":{"start":{"line":27,"column":25},"end":{"line":27,"column":41}},"5":{"start":{"line":30,"column":8},"end":{"line":43,"column":77}},"6":{"start":{"line":34,"column":16},"end":{"line":41,"column":17}},"7":{"start":{"line":35,"column":38},"end":{"line":35,"column":52}},"8":{"start":{"line":36,"column":38},"end":{"line":39,"column":23}},"9":{"start":{"line":36,"column":93},"end":{"line":39,"column":21}},"10":{"start":{"line":40,"column":20},"end":{"line":40,"column":40}},"11":{"start":{"line":43,"column":30},"end":{"line":43,"column":75}},"12":{"start":{"line":48,"column":4},"end":{"line":61,"column":6}},"13":{"start":{"line":54,"column":24},"end":{"line":56,"column":29}}},"fnMap":{"0":{"name":"(anonymous_0)","decl":{"start":{"line":20,"column":20},"end":{"line":20,"column":21}},"loc":{"start":{"line":20,"column":26},"end":{"line":62,"column":1}},"line":20},"1":{"name":"(anonymous_1)","decl":{"start":{"line":25,"column":14},"end":{"line":25,"column":15}},"loc":{"start":{"line":25,"column":20},"end":{"line":44,"column":5}},"line":25},"2":{"name":"(anonymous_2)","decl":{"start":{"line":31,"column":18},"end":{"line":31,"column":19}},"loc":{"start":{"line":31,"column":32},"end":{"line":42,"column":13}},"line":31},"3":{"name":"(anonymous_3)","decl":{"start":{"line":36,"column":68},"end":{"line":36,"column":69}},"loc":{"start":{"line":36,"column":93},"end":{"line":39,"column":21}},"line":36},"4":{"name":"(anonymous_4)","decl":{"start":{"line":43,"column":19},"end":{"line":43,"column":20}},"loc":{"start":{"line":43,"column":30},"end":{"line":43,"column":75}},"line":43},"5":{"name":"(anonymous_5)","decl":{"start":{"line":53,"column":31},"end":{"line":53,"column":32}},"loc":{"start":{"line":54,"column":24},"end":{"line":56,"column":29}},"line":54}},"branchMap":{"0":{"loc":{"start":{"line":34,"column":16},"end":{"line":41,"column":17}},"type":"if","locations":[{"start":{"line":34,"column":16},"end":{"line":41,"column":17}},{"start":{},"end":{}}],"line":34}},"s":{"0":0,"1":0,"2":0,"3":0,"4":0,"5":0,"6":0,"7":0,"8":0,"9":0,"10":0,"11":0,"12":0,"13":0},"f":{"0":0,"1":0,"2":0,"3":0,"4":0,"5":0},"b":{"0":[0,0]}}
,"/Users/mx.cifu/Desktop/AD320 Projects/CP4/vite-project/src/pages/Home.jsx": {"path":"/Users/mx.cifu/Desktop/AD320 Projects/CP4/vite-project/src/pages/Home.jsx","statementMap":{"0":{"start":{"line":13,"column":13},"end":{"line":19,"column":1}},"1":{"start":{"line":14,"column":4},"end":{"line":18,"column":7}}},"fnMap":{"0":{"name":"(anonymous_0)","decl":{"start":{"line":13,"column":13},"end":{"line":13,"column":14}},"loc":{"start":{"line":14,"column":4},"end":{"line":18,"column":7}},"line":14}},"branchMap":{},"s":{"0":1,"1":1},"f":{"0":1},"b":{},"_coverageSchema":"1a1c01bbd47fc00a2c39e90264f33305004495a9","hash":"d55693750731bb84f4af7a90677b19aac8ae8b21"}
,"/Users/mx.cifu/Desktop/AD320 Projects/CP4/vite-project/src/pages/NotFound.jsx": {"path":"/Users/mx.cifu/Desktop/AD320 Projects/CP4/vite-project/src/pages/NotFound.jsx","statementMap":{"0":{"start":{"line":13,"column":17},"end":{"line":18,"column":1}},"1":{"start":{"line":14,"column":4},"end":{"line":17,"column":7}}},"fnMap":{"0":{"name":"(anonymous_0)","decl":{"start":{"line":13,"column":17},"end":{"line":13,"column":18}},"loc":{"start":{"line":14,"column":4},"end":{"line":17,"column":7}},"line":14}},"branchMap":{},"s":{"0":0,"1":0},"f":{"0":0},"b":{}}
}
