TN:
SF:src/components/Header.jsx
FN:14,(anonymous_0)
FNF:1
FNH:1
FNDA:3,(anonymous_0)
DA:14,2
DA:15,3
LF:2
LH:2
BRF:0
BRH:0
end_of_record
TN:
SF:src/components/LoadPosts.jsx
FN:17,(anonymous_0)
FN:19,(anonymous_1)
FN:33,(anonymous_2)
FN:41,(anonymous_3)
FNF:4
FNH:4
FNDA:4,(anonymous_0)
FNDA:3,(anonymous_1)
FNDA:1,(anonymous_2)
FNDA:3,(anonymous_3)
DA:17,4
DA:19,4
DA:20,3
DA:21,3
DA:24,3
DA:25,2
DA:27,1
DA:32,4
DA:33,1
DA:36,4
DA:42,3
DA:44,3
DA:65,4
LF:13
LH:13
BRDA:24,0,0,2
BRDA:24,0,1,1
BRDA:39,1,0,2
BRDA:39,1,1,2
BRF:4
BRH:4
end_of_record
TN:
SF:src/components/Login.jsx
FN:21,(anonymous_0)
FN:32,(anonymous_1)
FN:44,(anonymous_2)
FN:50,(anonymous_3)
FN:100,(anonymous_4)
FN:169,(anonymous_5)
FN:185,(anonymous_6)
FNF:7
FNH:5
FNDA:5,(anonymous_0)
FNDA:4,(anonymous_1)
FNDA:2,(anonymous_2)
FNDA:4,(anonymous_3)
FNDA:0,(anonymous_4)
FNDA:0,(anonymous_5)
FNDA:1,(anonymous_6)
DA:21,2
DA:22,5
DA:23,5
DA:26,5
DA:27,5
DA:28,5
DA:32,5
DA:33,4
DA:34,4
DA:36,4
DA:37,0
DA:44,4
DA:45,2
DA:46,0
DA:50,4
DA:100,5
DA:101,0
DA:102,0
DA:103,0
DA:105,0
DA:106,0
DA:107,0
DA:109,0
DA:137,5
DA:138,0
DA:152,5
DA:169,0
DA:185,1
LF:28
LH:17
BRDA:36,0,0,0
BRDA:36,0,1,4
BRDA:36,1,0,4
BRDA:36,1,1,0
BRDA:45,2,0,0
BRDA:45,2,1,2
BRDA:137,3,0,0
BRDA:137,3,1,5
BRDA:156,4,0,1
BRDA:156,4,1,4
BRDA:157,5,0,5
BRDA:157,5,1,0
BRDA:160,6,0,1
BRDA:160,6,1,4
BRF:14
BRH:9
end_of_record
TN:
SF:src/components/NewPost.jsx
FN:14,(anonymous_0)
FN:21,(anonymous_1)
FN:43,(anonymous_2)
FN:51,(anonymous_3)
FN:57,(anonymous_4)
FNF:5
FNH:5
FNDA:22,(anonymous_0)
FNDA:3,(anonymous_1)
FNDA:4,(anonymous_2)
FNDA:4,(anonymous_3)
FNDA:4,(anonymous_4)
DA:14,3
DA:16,22
DA:17,22
DA:18,22
DA:19,22
DA:21,22
DA:22,3
DA:25,3
DA:26,3
DA:28,3
DA:31,3
DA:32,3
DA:33,3
DA:37,22
DA:43,4
DA:51,4
DA:57,4
DA:66,3
LF:18
LH:18
BRF:0
BRH:0
end_of_record
TN:
SF:src/components/Posts.jsx
FN:17,(anonymous_0)
FN:31,(anonymous_1)
FN:48,(anonymous_2)
FN:60,(anonymous_3)
FN:68,(anonymous_4)
FN:75,(anonymous_5)
FN:80,(anonymous_6)
FN:82,(anonymous_7)
FN:85,(anonymous_8)
FNF:9
FNH:8
FNDA:5,(anonymous_0)
FNDA:1,(anonymous_1)
FNDA:1,(anonymous_2)
FNDA:2,(anonymous_3)
FNDA:0,(anonymous_4)
FNDA:1,(anonymous_5)
FNDA:2,(anonymous_6)
FNDA:1,(anonymous_7)
FNDA:2,(anonymous_8)
DA:17,2
DA:21,5
DA:22,5
DA:23,5
DA:25,5
DA:26,5
DA:27,5
DA:31,5
DA:32,1
DA:33,1
DA:34,1
DA:42,0
DA:48,5
DA:49,1
DA:50,1
DA:51,1
DA:52,1
DA:53,1
DA:55,0
DA:60,5
DA:61,2
DA:62,1
DA:68,5
DA:70,0
DA:71,0
DA:75,5
DA:76,1
DA:80,5
DA:82,2
DA:83,1
DA:85,2
DA:89,5
DA:90,1
DA:98,4
LF:34
LH:30
BRDA:61,0,0,1
BRDA:61,0,1,1
BRDA:89,1,0,1
BRDA:89,1,1,4
BRDA:102,2,0,1
BRDA:102,2,1,3
BRDA:105,3,0,4
BRDA:105,3,1,3
BRDA:111,4,0,3
BRDA:111,4,1,1
BRF:10
BRH:10
end_of_record
TN:
SF:src/components/UserBlog.jsx
FN:18,(anonymous_0)
FN:24,(anonymous_1)
FN:30,(anonymous_2)
FN:40,(anonymous_3)
FN:45,(anonymous_4)
FN:52,(anonymous_5)
FNF:6
FNH:4
FNDA:1,(anonymous_0)
FNDA:1,(anonymous_1)
FNDA:1,(anonymous_2)
FNDA:0,(anonymous_3)
FNDA:1,(anonymous_4)
FNDA:0,(anonymous_5)
DA:18,1
DA:19,1
DA:20,1
DA:21,1
DA:24,1
DA:25,1
DA:26,1
DA:29,1
DA:40,0
DA:43,1
DA:44,1
DA:52,0
DA:56,1
LF:13
LH:11
BRF:0
BRH:0
end_of_record
TN:
SF:src/pages/Blog.jsx
FN:15,(anonymous_0)
FNF:1
FNH:1
FNDA:1,(anonymous_0)
DA:15,1
DA:16,1
LF:2
LH:2
BRF:0
BRH:0
end_of_record
TN:
SF:src/pages/BlogCatalog.jsx
FN:20,(anonymous_0)
FN:25,(anonymous_1)
FN:31,(anonymous_2)
FN:36,(anonymous_3)
FN:43,(anonymous_4)
FN:53,(anonymous_5)
FNF:6
FNH:0
FNDA:0,(anonymous_0)
FNDA:0,(anonymous_1)
FNDA:0,(anonymous_2)
FNDA:0,(anonymous_3)
FNDA:0,(anonymous_4)
FNDA:0,(anonymous_5)
DA:20,0
DA:22,0
DA:25,0
DA:26,0
DA:27,0
DA:30,0
DA:34,0
DA:35,0
DA:36,0
DA:40,0
DA:43,0
DA:48,0
DA:54,0
LF:13
LH:0
BRDA:34,0,0,0
BRDA:34,0,1,0
BRF:2
BRH:0
end_of_record
TN:
SF:src/pages/Home.jsx
FN:13,(anonymous_0)
FNF:1
FNH:1
FNDA:1,(anonymous_0)
DA:13,1
DA:14,1
LF:2
LH:2
BRF:0
BRH:0
end_of_record
TN:
SF:src/pages/NotFound.jsx
FN:13,(anonymous_0)
FNF:1
FNH:0
FNDA:0,(anonymous_0)
DA:13,0
DA:14,0
LF:2
LH:0
BRF:0
BRH:0
end_of_record
